INFO:root:2021-05-06 04:33:58.951885
INFO:root:2021-05-06 04:34:06.315877
INFO:root:Iteration 0
INFO:root:Meta Train Error 1.494509108364582
INFO:root:Meta Train Accuracy 0.3149999938905239
INFO:root:Meta Valid Error 1.5744057446718216
INFO:root:Meta Valid Accuracy 0.2574999937787652
INFO:root:

INFO:root:2021-05-06 04:41:33.003878
INFO:root:Iteration 100
INFO:root:Meta Train Error 1.2101632952690125
INFO:root:Meta Train Accuracy 0.5049999840557575
INFO:root:Meta Valid Error 1.6012359336018562
INFO:root:Meta Valid Accuracy 0.3174999891780317
INFO:root:

INFO:root:2021-05-06 04:48:54.910923
INFO:root:Iteration 200
INFO:root:Meta Train Error 1.011887762695551
INFO:root:Meta Train Accuracy 0.5724999886006117
INFO:root:Meta Valid Error 1.5052539706230164
INFO:root:Meta Valid Accuracy 0.40749998949468136
INFO:root:

INFO:root:2021-05-06 04:56:11.197901
INFO:root:Iteration 300
INFO:root:Meta Train Error 0.9968868084251881
INFO:root:Meta Train Accuracy 0.6249999832361937
INFO:root:Meta Valid Error 1.5410256087779999
INFO:root:Meta Valid Accuracy 0.34499999321997166
INFO:root:

INFO:root:2021-05-06 05:03:24.608913
INFO:root:Iteration 400
INFO:root:Meta Train Error 0.9345288649201393
INFO:root:Meta Train Accuracy 0.6624999791383743
INFO:root:Meta Valid Error 1.4723362475633621
INFO:root:Meta Valid Accuracy 0.40999998804181814
INFO:root:

INFO:root:2021-05-06 05:10:38.753913
INFO:root:Iteration 500
INFO:root:Meta Train Error 0.7531881015747786
INFO:root:Meta Train Accuracy 0.6924999784678221
INFO:root:Meta Valid Error 1.579581618309021
INFO:root:Meta Valid Accuracy 0.3949999874457717
INFO:root:

INFO:root:2021-05-06 05:17:52.276914
INFO:root:Iteration 600
INFO:root:Meta Train Error 0.7594111673533916
INFO:root:Meta Train Accuracy 0.6924999766051769
INFO:root:Meta Valid Error 1.4902731850743294
INFO:root:Meta Valid Accuracy 0.4199999859556556
INFO:root:

INFO:root:2021-05-06 05:25:06.465035
INFO:root:Iteration 700
INFO:root:Meta Train Error 0.793625719845295
INFO:root:Meta Train Accuracy 0.7049999833106995
INFO:root:Meta Valid Error 1.6013513281941414
INFO:root:Meta Valid Accuracy 0.3949999865144491
INFO:root:

INFO:root:2021-05-06 05:32:22.923035
INFO:root:Iteration 800
INFO:root:Meta Train Error 0.782438188791275
INFO:root:Meta Train Accuracy 0.6799999736249447
INFO:root:Meta Valid Error 1.439835961908102
INFO:root:Meta Valid Accuracy 0.4299999913200736
INFO:root:

INFO:root:2021-05-06 05:39:36.860034
INFO:root:Iteration 900
INFO:root:Meta Train Error 0.6401235330849886
INFO:root:Meta Train Accuracy 0.7674999758601189
INFO:root:Meta Valid Error 1.50800621509552
INFO:root:Meta Valid Accuracy 0.3949999874457717
INFO:root:

INFO:root:2021-05-06 05:46:51.655034
INFO:root:Iteration 1000
INFO:root:Meta Train Error 0.7073074392974377
INFO:root:Meta Train Accuracy 0.729999978095293
INFO:root:Meta Valid Error 1.505892887711525
INFO:root:Meta Valid Accuracy 0.39499998930841684
INFO:root:

INFO:root:2021-05-06 05:54:05.403034
INFO:root:Iteration 1100
INFO:root:Meta Train Error 0.6614372935146093
INFO:root:Meta Train Accuracy 0.747499980032444
INFO:root:Meta Valid Error 1.548164740204811
INFO:root:Meta Valid Accuracy 0.38999998942017555
INFO:root:

INFO:root:2021-05-06 06:01:21.070034
INFO:root:Iteration 1200
INFO:root:Meta Train Error 0.7812627013772726
INFO:root:Meta Train Accuracy 0.6949999798089266
INFO:root:Meta Valid Error 1.5141582824289799
INFO:root:Meta Valid Accuracy 0.42999998666346073
INFO:root:

INFO:root:2021-05-06 06:08:34.212036
INFO:root:Iteration 1300
INFO:root:Meta Train Error 0.7551795691251755
INFO:root:Meta Train Accuracy 0.7024999856948853
INFO:root:Meta Valid Error 1.6630262807011604
INFO:root:Meta Valid Accuracy 0.32249999046325684
INFO:root:

INFO:root:2021-05-06 06:15:48.991034
INFO:root:Iteration 1400
INFO:root:Meta Train Error 0.7546559050679207
INFO:root:Meta Train Accuracy 0.7074999809265137
INFO:root:Meta Valid Error 1.4982351064682007
INFO:root:Meta Valid Accuracy 0.3974999915808439
INFO:root:

INFO:root:2021-05-06 06:23:03.437039
INFO:root:Iteration 1500
INFO:root:Meta Train Error 0.7095034420490265
INFO:root:Meta Train Accuracy 0.7124999854713678
INFO:root:Meta Valid Error 1.5845681615173817
INFO:root:Meta Valid Accuracy 0.4224999826401472
INFO:root:

INFO:root:2021-05-06 06:30:16.998034
INFO:root:Iteration 1600
INFO:root:Meta Train Error 0.6558089666068554
INFO:root:Meta Train Accuracy 0.7449999824166298
INFO:root:Meta Valid Error 1.5050582066178322
INFO:root:Meta Valid Accuracy 0.41999999061226845
INFO:root:

INFO:root:2021-05-06 06:37:31.116047
INFO:root:Iteration 1700
INFO:root:Meta Train Error 0.61204619333148
INFO:root:Meta Train Accuracy 0.7549999859184027
INFO:root:Meta Valid Error 1.403443343937397
INFO:root:Meta Valid Accuracy 0.42249998915940523
INFO:root:

INFO:root:2021-05-06 06:44:46.019034
INFO:root:Iteration 1800
INFO:root:Meta Train Error 0.5991002060472965
INFO:root:Meta Train Accuracy 0.7799999825656414
INFO:root:Meta Valid Error 1.5655297599732876
INFO:root:Meta Valid Accuracy 0.41249998565763235
INFO:root:

INFO:root:2021-05-06 06:52:01.135035
INFO:root:Iteration 1900
INFO:root:Meta Train Error 0.605349435005337
INFO:root:Meta Train Accuracy 0.749999986961484
INFO:root:Meta Valid Error 1.4933066442608833
INFO:root:Meta Valid Accuracy 0.46499998588114977
INFO:root:

INFO:root:2021-05-06 06:59:14.954035
INFO:root:Iteration 2000
INFO:root:Meta Train Error 0.7801156044006348
INFO:root:Meta Train Accuracy 0.7074999809265137
INFO:root:Meta Valid Error 1.4764373525977135
INFO:root:Meta Valid Accuracy 0.43249999172985554
INFO:root:

INFO:root:2021-05-06 07:06:29.343035
INFO:root:Iteration 2100
INFO:root:Meta Train Error 0.6388747915625572
INFO:root:Meta Train Accuracy 0.7549999840557575
INFO:root:Meta Valid Error 1.4188150689005852
INFO:root:Meta Valid Accuracy 0.487499987706542
INFO:root:

INFO:root:2021-05-06 07:13:44.107046
INFO:root:Iteration 2200
INFO:root:Meta Train Error 0.6022297069430351
INFO:root:Meta Train Accuracy 0.7599999820813537
INFO:root:Meta Valid Error 1.5422912016510963
INFO:root:Meta Valid Accuracy 0.4224999910220504
INFO:root:

INFO:root:2021-05-06 07:20:58.855036
INFO:root:Iteration 2300
INFO:root:Meta Train Error 0.5481267459690571
INFO:root:Meta Train Accuracy 0.7674999758601189
INFO:root:Meta Valid Error 1.4693381786346436
INFO:root:Meta Valid Accuracy 0.43249998800456524
INFO:root:

INFO:root:2021-05-06 07:28:12.982035
INFO:root:Iteration 2400
INFO:root:Meta Train Error 0.5303982654586434
INFO:root:Meta Train Accuracy 0.8124999776482582
INFO:root:Meta Valid Error 1.4165782928466797
INFO:root:Meta Valid Accuracy 0.4274999871850014
INFO:root:

INFO:root:2021-05-06 07:35:27.534035
INFO:root:Iteration 2500
INFO:root:Meta Train Error 0.5308027854189277
INFO:root:Meta Train Accuracy 0.7974999807775021
INFO:root:Meta Valid Error 1.370505340397358
INFO:root:Meta Valid Accuracy 0.47999998554587364
INFO:root:

INFO:root:2021-05-06 07:42:42.351035
INFO:root:Iteration 2600
INFO:root:Meta Train Error 0.6984330732375383
INFO:root:Meta Train Accuracy 0.7299999725073576
INFO:root:Meta Valid Error 1.448792204260826
INFO:root:Meta Valid Accuracy 0.414999988861382
INFO:root:

INFO:root:2021-05-06 07:49:56.740035
INFO:root:Iteration 2700
INFO:root:Meta Train Error 0.6316044498234987
INFO:root:Meta Train Accuracy 0.7374999709427357
INFO:root:Meta Valid Error 1.421648595482111
INFO:root:Meta Valid Accuracy 0.4749999884516001
INFO:root:

INFO:root:2021-05-06 07:57:11.573065
INFO:root:Iteration 2800
INFO:root:Meta Train Error 0.6205491311848164
INFO:root:Meta Train Accuracy 0.7499999776482582
INFO:root:Meta Valid Error 1.571532964706421
INFO:root:Meta Valid Accuracy 0.39999998826533556
INFO:root:

INFO:root:2021-05-06 08:04:25.798066
INFO:root:Iteration 2900
INFO:root:Meta Train Error 0.6542733181267977
INFO:root:Meta Train Accuracy 0.7399999760091305
INFO:root:Meta Valid Error 1.439327396452427
INFO:root:Meta Valid Accuracy 0.4224999863654375
INFO:root:

INFO:root:2021-05-06 08:11:40.548626
INFO:root:Iteration 3000
INFO:root:Meta Train Error 0.6187259834259748
INFO:root:Meta Train Accuracy 0.7699999697506428
INFO:root:Meta Valid Error 1.5278420820832253
INFO:root:Meta Valid Accuracy 0.3999999910593033
INFO:root:

INFO:root:2021-05-06 08:18:53.997804
INFO:root:Iteration 3100
INFO:root:Meta Train Error 0.5176908364519477
INFO:root:Meta Train Accuracy 0.8049999736249447
INFO:root:Meta Valid Error 1.574540615081787
INFO:root:Meta Valid Accuracy 0.39249999169260263
INFO:root:

INFO:root:2021-05-06 08:26:09.107883
INFO:root:Iteration 3200
INFO:root:Meta Train Error 0.6717453766614199
INFO:root:Meta Train Accuracy 0.7424999792128801
INFO:root:Meta Valid Error 1.6158436313271523
INFO:root:Meta Valid Accuracy 0.37499998789280653
INFO:root:

INFO:root:2021-05-06 08:33:23.560577
INFO:root:Iteration 3300
INFO:root:Meta Train Error 0.5001281499862671
INFO:root:Meta Train Accuracy 0.8174999803304672
INFO:root:Meta Valid Error 1.4534825719892979
INFO:root:Meta Valid Accuracy 0.4474999886006117
INFO:root:

INFO:root:2021-05-06 08:40:38.342576
INFO:root:Iteration 3400
INFO:root:Meta Train Error 0.4242083113640547
INFO:root:Meta Train Accuracy 0.8449999801814556
INFO:root:Meta Valid Error 1.4295310787856579
INFO:root:Meta Valid Accuracy 0.42999998945742846
INFO:root:

INFO:root:2021-05-06 08:47:52.936577
INFO:root:Iteration 3500
INFO:root:Meta Train Error 0.5020049940794706
INFO:root:Meta Train Accuracy 0.8349999822676182
INFO:root:Meta Valid Error 1.474362999200821
INFO:root:Meta Valid Accuracy 0.4424999887123704
INFO:root:

INFO:root:2021-05-06 08:55:08.187577
INFO:root:Iteration 3600
INFO:root:Meta Train Error 0.5112088061869144
INFO:root:Meta Train Accuracy 0.7874999810010195
INFO:root:Meta Valid Error 1.538557544350624
INFO:root:Meta Valid Accuracy 0.4224999872967601
INFO:root:

INFO:root:2021-05-06 09:02:23.256577
INFO:root:Iteration 3700
INFO:root:Meta Train Error 0.6896334253251553
INFO:root:Meta Train Accuracy 0.7299999855458736
INFO:root:Meta Valid Error 1.6489569805562496
INFO:root:Meta Valid Accuracy 0.40999999083578587
INFO:root:

INFO:root:2021-05-06 09:09:37.051577
INFO:root:Iteration 3800
INFO:root:Meta Train Error 0.5719328527338803
INFO:root:Meta Train Accuracy 0.8074999786913395
INFO:root:Meta Valid Error 1.3931936919689178
INFO:root:Meta Valid Accuracy 0.44499998912215233
INFO:root:

INFO:root:2021-05-06 09:16:51.677577
INFO:root:Iteration 3900
INFO:root:Meta Train Error 0.5877711465582252
INFO:root:Meta Train Accuracy 0.7799999825656414
INFO:root:Meta Valid Error 1.4834237173199654
INFO:root:Meta Valid Accuracy 0.372499986551702
INFO:root:

INFO:root:2021-05-06 09:24:06.219577
INFO:root:Iteration 4000
INFO:root:Meta Train Error 0.5557024381123483
INFO:root:Meta Train Accuracy 0.7874999791383743
INFO:root:Meta Valid Error 1.5897184163331985
INFO:root:Meta Valid Accuracy 0.3874999899417162
INFO:root:

INFO:root:2021-05-06 09:31:20.859576
INFO:root:Iteration 4100
INFO:root:Meta Train Error 0.42700319923460484
INFO:root:Meta Train Accuracy 0.8324999734759331
INFO:root:Meta Valid Error 1.5169348195195198
INFO:root:Meta Valid Accuracy 0.38999998662620783
INFO:root:

INFO:root:2021-05-06 09:38:34.573577
INFO:root:Iteration 4200
INFO:root:Meta Train Error 0.48462964314967394
INFO:root:Meta Train Accuracy 0.8199999779462814
INFO:root:Meta Valid Error 1.4816652908921242
INFO:root:Meta Valid Accuracy 0.4399999901652336
INFO:root:

INFO:root:2021-05-06 09:45:50.361577
INFO:root:Iteration 4300
INFO:root:Meta Train Error 0.5928774671629071
INFO:root:Meta Train Accuracy 0.7899999804794788
INFO:root:Meta Valid Error 1.472417302429676
INFO:root:Meta Valid Accuracy 0.43499998981133103
INFO:root:

INFO:root:2021-05-06 09:53:05.039577
INFO:root:Iteration 4400
INFO:root:Meta Train Error 0.5440492704510689
INFO:root:Meta Train Accuracy 0.7924999892711639
INFO:root:Meta Valid Error 1.4961183369159698
INFO:root:Meta Valid Accuracy 0.4324999889358878
INFO:root:

INFO:root:2021-05-06 10:00:20.047576
INFO:root:Iteration 4500
INFO:root:Meta Train Error 0.5932467989623547
INFO:root:Meta Train Accuracy 0.7899999730288982
INFO:root:Meta Valid Error 1.55264438316226
INFO:root:Meta Valid Accuracy 0.40749998670071363
INFO:root:

INFO:root:2021-05-06 10:07:34.809577
INFO:root:Iteration 4600
INFO:root:Meta Train Error 0.5635397611185908
INFO:root:Meta Train Accuracy 0.777499970048666
INFO:root:Meta Valid Error 1.4337827302515507
INFO:root:Meta Valid Accuracy 0.4899999871850014
INFO:root:

INFO:root:2021-05-06 10:14:50.271576
INFO:root:Iteration 4700
INFO:root:Meta Train Error 0.509485931135714
INFO:root:Meta Train Accuracy 0.8124999776482582
INFO:root:Meta Valid Error 1.5181156545877457
INFO:root:Meta Valid Accuracy 0.40749998949468136
INFO:root:

INFO:root:2021-05-06 10:22:05.074578
INFO:root:Iteration 4800
INFO:root:Meta Train Error 0.4785956833511591
INFO:root:Meta Train Accuracy 0.8199999742209911
INFO:root:Meta Valid Error 1.4363450109958649
INFO:root:Meta Valid Accuracy 0.4899999853223562
INFO:root:

INFO:root:2021-05-06 10:29:19.335576
INFO:root:Iteration 4900
INFO:root:Meta Train Error 0.43274437077343464
INFO:root:Meta Train Accuracy 0.8649999797344208
INFO:root:Meta Valid Error 1.5524955242872238
INFO:root:Meta Valid Accuracy 0.3974999953061342
INFO:root:

INFO:root:2021-05-06 10:36:34.033578
INFO:root:Iteration 5000
INFO:root:Meta Train Error 0.4597432091832161
INFO:root:Meta Train Accuracy 0.8174999728798866
INFO:root:Meta Valid Error 1.4979722946882248
INFO:root:Meta Valid Accuracy 0.42499998584389687
INFO:root:

INFO:root:2021-05-06 10:43:48.510576
INFO:root:Iteration 5100
INFO:root:Meta Train Error 0.4796300232410431
INFO:root:Meta Train Accuracy 0.8249999694526196
INFO:root:Meta Valid Error 1.479101799428463
INFO:root:Meta Valid Accuracy 0.4449999863281846
INFO:root:

INFO:root:2021-05-06 10:51:03.376579
INFO:root:Iteration 5200
INFO:root:Meta Train Error 0.6119820894673467
INFO:root:Meta Train Accuracy 0.7799999788403511
INFO:root:Meta Valid Error 1.4634014777839184
INFO:root:Meta Valid Accuracy 0.4649999877437949
INFO:root:

INFO:root:2021-05-06 10:58:18.082577
INFO:root:Iteration 5300
INFO:root:Meta Train Error 0.5496064759790897
INFO:root:Meta Train Accuracy 0.8024999722838402
INFO:root:Meta Valid Error 1.4411193802952766
INFO:root:Meta Valid Accuracy 0.4224999910220504
INFO:root:

INFO:root:2021-05-06 11:05:32.755577
INFO:root:Iteration 5400
INFO:root:Meta Train Error 0.4737541154026985
INFO:root:Meta Train Accuracy 0.8274999782443047
INFO:root:Meta Valid Error 1.446988806128502
INFO:root:Meta Valid Accuracy 0.4574999939650297
INFO:root:

INFO:root:2021-05-06 11:12:47.865578
INFO:root:Iteration 5500
INFO:root:Meta Train Error 0.4619149649515748
INFO:root:Meta Train Accuracy 0.8374999798834324
INFO:root:Meta Valid Error 1.4690913408994675
INFO:root:Meta Valid Accuracy 0.409999992698431
INFO:root:

INFO:root:2021-05-06 11:20:01.516576
INFO:root:Iteration 5600
INFO:root:Meta Train Error 0.5468126097694039
INFO:root:Meta Train Accuracy 0.7824999801814556
INFO:root:Meta Valid Error 1.4864521585404873
INFO:root:Meta Valid Accuracy 0.4724999852478504
INFO:root:

INFO:root:2021-05-06 11:27:16.422577
INFO:root:Iteration 5700
INFO:root:Meta Train Error 0.4661994343623519
INFO:root:Meta Train Accuracy 0.8049999810755253
INFO:root:Meta Valid Error 1.417277418076992
INFO:root:Meta Valid Accuracy 0.4399999901652336
INFO:root:

INFO:root:2021-05-06 11:34:31.016585
INFO:root:Iteration 5800
INFO:root:Meta Train Error 0.5025322306901217
INFO:root:Meta Train Accuracy 0.8074999786913395
INFO:root:Meta Valid Error 1.6111785173416138
INFO:root:Meta Valid Accuracy 0.35999998822808266
INFO:root:

INFO:root:2021-05-06 11:41:45.797577
INFO:root:Iteration 5900
INFO:root:Meta Train Error 0.5968903275206685
INFO:root:Meta Train Accuracy 0.7699999790638685
INFO:root:Meta Valid Error 1.3967728838324547
INFO:root:Meta Valid Accuracy 0.43999999202787876
INFO:root:

INFO:root:2021-05-06 11:48:59.869454
INFO:root:Iteration 6000
INFO:root:Meta Train Error 0.40105426125228405
INFO:root:Meta Train Accuracy 0.8499999791383743
INFO:root:Meta Valid Error 1.573410116136074
INFO:root:Meta Valid Accuracy 0.38499998673796654
INFO:root:

INFO:root:2021-05-06 11:56:14.695818
INFO:root:Iteration 6100
INFO:root:Meta Train Error 0.526706526055932
INFO:root:Meta Train Accuracy 0.8224999792873859
INFO:root:Meta Valid Error 1.5591207444667816
INFO:root:Meta Valid Accuracy 0.4074999885633588
INFO:root:

INFO:root:2021-05-06 12:03:29.397816
INFO:root:Iteration 6200
INFO:root:Meta Train Error 0.4429833786562085
INFO:root:Meta Train Accuracy 0.8224999718368053
INFO:root:Meta Valid Error 1.5689141042530537
INFO:root:Meta Valid Accuracy 0.4249999914318323
INFO:root:

INFO:root:2021-05-06 12:10:43.855859
INFO:root:Iteration 6300
INFO:root:Meta Train Error 0.45109318662434816
INFO:root:Meta Train Accuracy 0.8399999774992466
INFO:root:Meta Valid Error 1.5341393053531647
INFO:root:Meta Valid Accuracy 0.4224999863654375
INFO:root:

INFO:root:2021-05-06 12:17:57.545080
INFO:root:Iteration 6400
INFO:root:Meta Train Error 0.4527276987209916
INFO:root:Meta Train Accuracy 0.8474999815225601
INFO:root:Meta Valid Error 1.4912613555788994
INFO:root:Meta Valid Accuracy 0.39999998826533556
INFO:root:

INFO:root:2021-05-06 12:25:11.244068
INFO:root:Iteration 6500
INFO:root:Meta Train Error 0.4628072939813137
INFO:root:Meta Train Accuracy 0.8274999707937241
INFO:root:Meta Valid Error 1.4910281337797642
INFO:root:Meta Valid Accuracy 0.4524999875575304
INFO:root:

INFO:root:2021-05-06 12:32:26.304076
INFO:root:Iteration 6600
INFO:root:Meta Train Error 0.4649315429851413
INFO:root:Meta Train Accuracy 0.8424999751150608
INFO:root:Meta Valid Error 1.4680042639374733
INFO:root:Meta Valid Accuracy 0.42999998945742846
INFO:root:

INFO:root:2021-05-06 12:39:43.128068
INFO:root:Iteration 6700
INFO:root:Meta Train Error 0.5070991292595863
INFO:root:Meta Train Accuracy 0.8199999704957008
INFO:root:Meta Valid Error 1.4301010444760323
INFO:root:Meta Valid Accuracy 0.42249998915940523
INFO:root:

INFO:root:2021-05-06 12:47:05.157071
INFO:root:Iteration 6800
INFO:root:Meta Train Error 0.4147478826344013
INFO:root:Meta Train Accuracy 0.8474999852478504
INFO:root:Meta Valid Error 1.5393199399113655
INFO:root:Meta Valid Accuracy 0.4099999815225601
INFO:root:

INFO:root:2021-05-06 12:54:44.983378
INFO:root:Iteration 6900
INFO:root:Meta Train Error 0.5227379826828837
INFO:root:Meta Train Accuracy 0.8024999797344208
INFO:root:Meta Valid Error 1.4510601684451103
INFO:root:Meta Valid Accuracy 0.4199999896809459
INFO:root:

INFO:root:2021-05-06 13:02:14.274400
INFO:root:Iteration 7000
INFO:root:Meta Train Error 0.40454485826194286
INFO:root:Meta Train Accuracy 0.8474999703466892
INFO:root:Meta Valid Error 1.4995898120105267
INFO:root:Meta Valid Accuracy 0.42999998666346073
INFO:root:

INFO:root:2021-05-06 13:09:53.772709
INFO:root:Iteration 7100
INFO:root:Meta Train Error 0.46996899135410786
INFO:root:Meta Train Accuracy 0.8299999758601189
INFO:root:Meta Valid Error 1.4321131333708763
INFO:root:Meta Valid Accuracy 0.4599999859929085
INFO:root:

INFO:root:2021-05-06 13:17:35.156727
INFO:root:Iteration 7200
INFO:root:Meta Train Error 0.5107374209910631
INFO:root:Meta Train Accuracy 0.8224999792873859
INFO:root:Meta Valid Error 1.6022829860448837
INFO:root:Meta Valid Accuracy 0.39749998692423105
INFO:root:

INFO:root:2021-05-06 13:25:08.212387
INFO:root:Iteration 7300
INFO:root:Meta Train Error 0.46714694052934647
INFO:root:Meta Train Accuracy 0.8074999786913395
INFO:root:Meta Valid Error 1.5704126618802547
INFO:root:Meta Valid Accuracy 0.404999990016222
INFO:root:

INFO:root:2021-05-06 13:32:40.270978
INFO:root:Iteration 7400
INFO:root:Meta Train Error 0.3665614854544401
INFO:root:Meta Train Accuracy 0.8699999712407589
INFO:root:Meta Valid Error 1.486639991402626
INFO:root:Meta Valid Accuracy 0.4349999902769923
INFO:root:

INFO:root:2021-05-06 13:40:05.854099
INFO:root:Iteration 7500
INFO:root:Meta Train Error 0.4702315451577306
INFO:root:Meta Train Accuracy 0.8299999795854092
INFO:root:Meta Valid Error 1.4454285092651844
INFO:root:Meta Valid Accuracy 0.4674999853596091
INFO:root:

INFO:root:2021-05-06 13:47:27.377981
INFO:root:Iteration 7600
INFO:root:Meta Train Error 0.39828932750970125
INFO:root:Meta Train Accuracy 0.867499977350235
INFO:root:Meta Valid Error 1.5946022868156433
INFO:root:Meta Valid Accuracy 0.4274999899789691
INFO:root:

INFO:root:2021-05-06 13:54:46.304413
INFO:root:Iteration 7700
INFO:root:Meta Train Error 0.3851089021191001
INFO:root:Meta Train Accuracy 0.8649999797344208
INFO:root:Meta Valid Error 1.5118122324347496
INFO:root:Meta Valid Accuracy 0.39999998919665813
INFO:root:

INFO:root:2021-05-06 14:02:04.710399
INFO:root:Iteration 7800
INFO:root:Meta Train Error 0.479340442456305
INFO:root:Meta Train Accuracy 0.809999980032444
INFO:root:Meta Valid Error 1.5439976677298546
INFO:root:Meta Valid Accuracy 0.41999998688697815
INFO:root:

INFO:root:2021-05-06 14:09:21.635399
INFO:root:Iteration 7900
INFO:root:Meta Train Error 0.3498388002626598
INFO:root:Meta Train Accuracy 0.8699999786913395
INFO:root:Meta Valid Error 1.4790588840842247
INFO:root:Meta Valid Accuracy 0.4349999874830246
INFO:root:

INFO:root:2021-05-06 14:16:39.878404
INFO:root:Iteration 8000
INFO:root:Meta Train Error 0.40777251310646534
INFO:root:Meta Train Accuracy 0.8499999865889549
INFO:root:Meta Valid Error 1.4237507581710815
INFO:root:Meta Valid Accuracy 0.44749998673796654
INFO:root:

INFO:root:2021-05-06 14:23:57.512398
INFO:root:Iteration 8100
INFO:root:Meta Train Error 0.42840864323079586
INFO:root:Meta Train Accuracy 0.8324999660253525
INFO:root:Meta Valid Error 1.5298941619694233
INFO:root:Meta Valid Accuracy 0.42999998666346073
INFO:root:

INFO:root:2021-05-06 14:31:15.848397
INFO:root:Iteration 8200
INFO:root:Meta Train Error 0.4777357433922589
INFO:root:Meta Train Accuracy 0.8324999809265137
INFO:root:Meta Valid Error 1.517850324511528
INFO:root:Meta Valid Accuracy 0.4174999874085188
INFO:root:

INFO:root:2021-05-06 14:38:33.128397
INFO:root:Iteration 8300
INFO:root:Meta Train Error 0.39275721926242113
INFO:root:Meta Train Accuracy 0.8424999713897705
INFO:root:Meta Valid Error 1.4861415550112724
INFO:root:Meta Valid Accuracy 0.41499999165534973
INFO:root:

INFO:root:2021-05-06 14:45:53.662399
INFO:root:Iteration 8400
INFO:root:Meta Train Error 0.4086501765996218
INFO:root:Meta Train Accuracy 0.8649999722838402
INFO:root:Meta Valid Error 1.480290248990059
INFO:root:Meta Valid Accuracy 0.47749998793005943
INFO:root:

INFO:root:2021-05-06 14:53:12.334158
INFO:root:Iteration 8500
INFO:root:Meta Train Error 0.4248020648956299
INFO:root:Meta Train Accuracy 0.8474999777972698
INFO:root:Meta Valid Error 1.5637366622686386
INFO:root:Meta Valid Accuracy 0.40249998960644007
INFO:root:

INFO:root:2021-05-06 15:00:29.386158
INFO:root:Iteration 8600
INFO:root:Meta Train Error 0.38426471408456564
INFO:root:Meta Train Accuracy 0.8599999882280827
INFO:root:Meta Valid Error 1.4371052384376526
INFO:root:Meta Valid Accuracy 0.44499998493120074
INFO:root:

INFO:root:2021-05-06 15:07:47.248158
INFO:root:Iteration 8700
INFO:root:Meta Train Error 0.405562873929739
INFO:root:Meta Train Accuracy 0.8349999785423279
INFO:root:Meta Valid Error 1.5692305751144886
INFO:root:Meta Valid Accuracy 0.4249999886378646
INFO:root:

INFO:root:2021-05-06 15:15:04.983158
INFO:root:Iteration 8800
INFO:root:Meta Train Error 0.5000271471217275
INFO:root:Meta Train Accuracy 0.7999999821186066
INFO:root:Meta Valid Error 1.3625108897686005
INFO:root:Meta Valid Accuracy 0.447499992325902
INFO:root:

INFO:root:2021-05-06 15:22:22.065157
INFO:root:Iteration 8900
INFO:root:Meta Train Error 0.4164531175047159
INFO:root:Meta Train Accuracy 0.8424999788403511
INFO:root:Meta Valid Error 1.456197366118431
INFO:root:Meta Valid Accuracy 0.4174999911338091
INFO:root:

INFO:root:2021-05-06 15:29:38.902158
INFO:root:Iteration 9000
INFO:root:Meta Train Error 0.4754458935931325
INFO:root:Meta Train Accuracy 0.804999977350235
INFO:root:Meta Valid Error 1.4636733420193195
INFO:root:Meta Valid Accuracy 0.42249999195337296
INFO:root:

INFO:root:2021-05-06 15:36:56.735158
INFO:root:Iteration 9100
INFO:root:Meta Train Error 0.6827765870839357
INFO:root:Meta Train Accuracy 0.7424999717622995
INFO:root:Meta Valid Error 1.6362096890807152
INFO:root:Meta Valid Accuracy 0.38749998714774847
INFO:root:

INFO:root:2021-05-06 15:44:15.069157
INFO:root:Iteration 9200
INFO:root:Meta Train Error 0.40456232987344265
INFO:root:Meta Train Accuracy 0.8399999737739563
INFO:root:Meta Valid Error 1.5237738564610481
INFO:root:Meta Valid Accuracy 0.38249998912215233
INFO:root:

INFO:root:2021-05-06 15:51:34.449156
INFO:root:Iteration 9300
INFO:root:Meta Train Error 0.40403762366622686
INFO:root:Meta Train Accuracy 0.8424999751150608
INFO:root:Meta Valid Error 1.5468999147415161
INFO:root:Meta Valid Accuracy 0.42749998858198524
INFO:root:

INFO:root:2021-05-06 15:58:52.432157
INFO:root:Iteration 9400
INFO:root:Meta Train Error 0.45496839936822653
INFO:root:Meta Train Accuracy 0.8449999764561653
INFO:root:Meta Valid Error 1.622437983751297
INFO:root:Meta Valid Accuracy 0.3974999878555536
INFO:root:

INFO:root:2021-05-06 16:06:10.030157
INFO:root:Iteration 9500
INFO:root:Meta Train Error 0.35042740451171994
INFO:root:Meta Train Accuracy 0.8674999810755253
INFO:root:Meta Valid Error 1.584562472999096
INFO:root:Meta Valid Accuracy 0.4274999871850014
INFO:root:

INFO:root:2021-05-06 16:13:27.529158
INFO:root:Iteration 9600
INFO:root:Meta Train Error 0.482965518720448
INFO:root:Meta Train Accuracy 0.7949999775737524
INFO:root:Meta Valid Error 1.5546393021941185
INFO:root:Meta Valid Accuracy 0.4399999864399433
INFO:root:

INFO:root:2021-05-06 16:20:45.309158
INFO:root:Iteration 9700
INFO:root:Meta Train Error 0.6009379150345922
INFO:root:Meta Train Accuracy 0.7724999710917473
INFO:root:Meta Valid Error 1.45348334684968
INFO:root:Meta Valid Accuracy 0.4474999886006117
INFO:root:

INFO:root:2021-05-06 16:28:01.971158
INFO:root:Iteration 9800
INFO:root:Meta Train Error 0.4694895604625344
INFO:root:Meta Train Accuracy 0.8299999758601189
INFO:root:Meta Valid Error 1.398140024393797
INFO:root:Meta Valid Accuracy 0.43499999307096004
INFO:root:

INFO:root:2021-05-06 16:35:19.347158
INFO:root:Iteration 9900
INFO:root:Meta Train Error 0.43742971029132605
INFO:root:Meta Train Accuracy 0.827499981969595
INFO:root:Meta Valid Error 1.499789748340845
INFO:root:Meta Valid Accuracy 0.43999998923391104
INFO:root:

INFO:root:2021-05-06 16:42:39.571161
INFO:root:Iteration 9999
INFO:root:Meta Train Error 0.4853130327537656
INFO:root:Meta Train Accuracy 0.8124999813735485
INFO:root:Meta Valid Error 1.5231046304106712
INFO:root:Meta Valid Accuracy 0.3974999887868762
INFO:root:

INFO:root:2021-05-06 16:46:27.892947
INFO:root:2021-05-06 16:51:00.015947
INFO:root:2021-05-06 16:57:20.035190
INFO:root:Meta Test Error 1.5969177186489105
INFO:root:Meta Test Accuracy 0.23249999154359102
INFO:root:2021-05-06 17:06:47.729497
INFO:root:Meta Test Error 1.5969843864440918
INFO:root:Meta Test Accuracy 0.23249999154359102
